  MaterialBuilder.cpp
  NormalBuilder.cpp
  GroupBuilder.cpp
  FaceBuilder.cpp
  main.cpp
  ObjReader.cpp
  MeshBuilder.cpp
  Face.cpp
  Group.cpp
c:\users\saymonla\desktop\computacaografica-master\exemplo15\sources\data\group.cpp(23): warning C4267: '+=': conversão de 'size_t' para 'int', possível perda de dados
  Mesh.cpp
c:\users\saymonla\desktop\computacaografica-master\exemplo15\sources\data\mesh.cpp(43): warning C4267: 'return': conversão de 'size_t' para 'int', possível perda de dados
c:\users\saymonla\desktop\computacaografica-master\exemplo15\sources\data\mesh.cpp(48): warning C4267: 'return': conversão de 'size_t' para 'int', possível perda de dados
c:\users\saymonla\desktop\computacaografica-master\exemplo15\sources\data\mesh.cpp(53): warning C4267: 'return': conversão de 'size_t' para 'int', possível perda de dados
c:\users\saymonla\desktop\computacaografica-master\exemplo15\sources\data\mesh.cpp(58): warning C4267: 'return': conversão de 'size_t' para 'int', possível perda de dados
  CameraHandler.cpp
  ShaderHandler.cpp
  Cube.cpp
  Scene.cpp
c:\users\saymonla\desktop\computacaografica-master\exemplo15\sources\model\scene.cpp(41): warning C4244: 'inicializando': conversão de 'double' para 'float', possível perda de dados
c:\users\saymonla\desktop\computacaografica-master\exemplo15\sources\model\scene.cpp(97): warning C4244: '=': conversão de 'double' para 'float', possível perda de dados
c:\users\saymonla\desktop\computacaografica-master\exemplo15\sources\model\scene.cpp(98): warning C4244: '=': conversão de 'double' para 'float', possível perda de dados
c:\users\saymonla\desktop\computacaografica-master\exemplo15\sources\model\scene.cpp(101): warning C4244: 'inicializando': conversão de 'double' para 'float', possível perda de dados
c:\users\saymonla\desktop\computacaografica-master\exemplo15\sources\model\scene.cpp(102): warning C4244: 'inicializando': conversão de 'double' para 'float', possível perda de dados
c:\users\saymonla\desktop\computacaografica-master\exemplo15\sources\model\scene.cpp(104): warning C4244: '=': conversão de 'double' para 'float', possível perda de dados
c:\users\saymonla\desktop\computacaografica-master\exemplo15\sources\model\scene.cpp(105): warning C4244: '=': conversão de 'double' para 'float', possível perda de dados
c:\users\saymonla\desktop\computacaografica-master\exemplo15\sources\model\scene.cpp(111): warning C4244: 'argumento': conversão de 'double' para 'float', possível perda de dados
  System.cpp
  VerticeBuilder.cpp
  TextureBuilder.cpp
  Gerando Código...
LINK : warning LNK4098: defaultlib 'MSVCRT' conflita com uso de outras bibliotecas; use /NODEFAULTLIB:library
  Exemplo15.vcxproj -> C:\Users\saymonla\Desktop\ComputacaoGrafica-master\x64\Debug\Exemplo15.exe
